<?xml version="1.0" encoding="UTF-8" ?>
<testsuite tests="24" failures="0" name="ProtocolTest" time="0" errors="0" skipped="0">
  <properties>
[...]
</properties>
  <testcase classname="ProtocolTest" name="get_stats_com_by_code_test" time="0"/>
  <testcase classname="ProtocolTest" name="get_hello_name_test" time="0"/>
  <testcase classname="ProtocolTest" name="get_play_code_test" time="0"/>
  <testcase classname="ProtocolTest" name="get_error_com_by_code_test" time="0"/>
  <testcase classname="ProtocolTest" name="get_play_com_by_code_test" time="0"/>
  <testcase classname="ProtocolTest" name="get_result_code_test" time="0"/>
  <testcase classname="ProtocolTest" name="get_ready_code_test" time="0"/>
  <testcase classname="ProtocolTest" name="get_error_code_test" time="0"/>
  <testcase classname="ProtocolTest" name="get_word_code_test" time="0"/>
  <testcase classname="ProtocolTest" name="get_admit_name_test" time="0"/>
  <testcase classname="ProtocolTest" name="get_stats_name_test" time="0"/>
  <testcase classname="ProtocolTest" name="get_hello_code_test" time="0"/>
  <testcase classname="ProtocolTest" name="get_ready_com_by_code_test" time="0"/>
  <testcase classname="ProtocolTest" name="get_admit_com_by_code_test" time="0"/>
  <testcase classname="ProtocolTest" name="get_play_name_test" time="0"/>
  <testcase classname="ProtocolTest" name="get_result_com_by_code_test" time="0"/>
  <testcase classname="ProtocolTest" name="get_word_com_by_code_test" time="0"/>
  <testcase classname="ProtocolTest" name="get_result_name_test" time="0"/>
  <testcase classname="ProtocolTest" name="get_ready_name_test" time="0"/>
  <testcase classname="ProtocolTest" name="get_error_name_test" time="0"/>
  <testcase classname="ProtocolTest" name="get_admit_code_test" time="0"/>
  <testcase classname="ProtocolTest" name="get_stats_code_test" time="0"/>
  <testcase classname="ProtocolTest" name="get_word_name_test" time="0"/>
  <testcase classname="ProtocolTest" name="get_hello_com_by_code_test" time="0"/>
</testsuite>